--------------------------------------------------------------------------------
Release 14.7 Trace  (lin64)
Copyright (c) 1995-2013 Xilinx, Inc.  All rights reserved.

/opt/Xilinx/14.7/ISE_DS/ISE/bin/lin64/unwrapped/trce -intstyle ise -o
mojo_top_0.twr -v 30 -l 30 mojo_top_0_routed.ncd mojo_top_0.pcf

Design file:              mojo_top_0_routed.ncd
Physical constraint file: mojo_top_0.pcf
Device,package,speed:     xc6slx9,tqg144,C,-2 (PRODUCTION 1.23 2013-10-13)
Report level:             verbose report, limited to 30 items per constraint

Environment Variable      Effect 
--------------------      ------ 
NONE                      No environment variables were set
--------------------------------------------------------------------------------

INFO:Timing:3412 - To improve timing, see the Timing Closure User Guide (UG612).
INFO:Timing:2752 - To get complete path coverage, use the unconstrained paths 
   option. All paths that are not constrained will be reported in the 
   unconstrained paths section(s) of the report.
INFO:Timing:3339 - The clock-to-out numbers in this timing report are based on 
   a 50 Ohm transmission line loading model.  For the details of this model, 
   and for more information on accounting for different loading conditions, 
   please see the device datasheet.

================================================================================
Timing constraint: TS_clk = PERIOD TIMEGRP "clk" 50 MHz HIGH 50%;
For more information, see Period Analysis in the Timing Closure User Guide (UG612).

 1 path analyzed, 1 endpoint analyzed, 0 failing endpoints
 0 timing errors detected. (0 setup errors, 0 hold errors, 0 component switching limit errors)
 Minimum period is   2.666ns.
--------------------------------------------------------------------------------
Slack:                  17.519ns (requirement - (data path - clock path skew + uncertainty))
  Source:               vga_clk (FF)
  Destination:          vga_clk (FF)
  Requirement:          20.000ns
  Data Path Delay:      2.446ns (Levels of Logic = 0)
  Clock Path Skew:      0.000ns
  Source Clock:         clk_BUFGP rising at 0.000ns
  Destination Clock:    clk_BUFGP rising at 20.000ns
  Clock Uncertainty:    0.035ns

  Clock Uncertainty:          0.035ns  ((TSJ^2 + TIJ^2)^1/2 + DJ) / 2 + PE
    Total System Jitter (TSJ):  0.070ns
    Total Input Jitter (TIJ):   0.000ns
    Discrete Jitter (DJ):       0.000ns
    Phase Error (PE):           0.000ns

  Maximum Data Path at Slow Process Corner: vga_clk to vga_clk
    Location             Delay type         Delay(ns)  Physical Resource
                                                       Logical Resource(s)
    -------------------------------------------------  -------------------
    SLICE_X12Y33.AQ      Tcko                  0.525   vga_clk
                                                       vga_clk
    SLICE_X12Y33.SR      net (fanout=2)        1.493   vga_clk
    SLICE_X12Y33.CLK     Tsrck                 0.428   vga_clk
                                                       vga_clk
    -------------------------------------------------  ---------------------------
    Total                                      2.446ns (0.953ns logic, 1.493ns route)
                                                       (39.0% logic, 61.0% route)

--------------------------------------------------------------------------------

Component Switching Limit Checks: TS_clk = PERIOD TIMEGRP "clk" 50 MHz HIGH 50%;
--------------------------------------------------------------------------------
Slack: 17.334ns (period - min period limit)
  Period: 20.000ns
  Min period limit: 2.666ns (375.094MHz) (Tbcper_I)
  Physical resource: clk_BUFGP/BUFG/I0
  Logical resource: clk_BUFGP/BUFG/I0
  Location pin: BUFGMUX_X2Y11.I0
  Clock network: clk_BUFGP/IBUFG
--------------------------------------------------------------------------------
Slack: 19.520ns (period - min period limit)
  Period: 20.000ns
  Min period limit: 0.480ns (2083.333MHz) (Tcp)
  Physical resource: vga_clk/CLK
  Logical resource: vga_clk/CK
  Location pin: SLICE_X12Y33.CLK
  Clock network: clk_BUFGP
--------------------------------------------------------------------------------


All constraints were met.


Data Sheet report:
-----------------
All values displayed in nanoseconds (ns)

Clock to Setup on destination clock clk
---------------+---------+---------+---------+---------+
               | Src:Rise| Src:Fall| Src:Rise| Src:Fall|
Source Clock   |Dest:Rise|Dest:Rise|Dest:Fall|Dest:Fall|
---------------+---------+---------+---------+---------+
clk            |    2.481|         |         |         |
---------------+---------+---------+---------+---------+


Timing summary:
---------------

Timing errors: 0  Score: 0  (Setup/Max: 0, Hold: 0)

Constraints cover 1 paths, 0 nets, and 3 connections

Design statistics:
   Minimum period:   2.666ns{1}   (Maximum frequency: 375.094MHz)


------------------------------------Footnotes-----------------------------------
1)  The minimum period statistic assumes all single cycle delays.

Analysis completed Fri Apr  5 12:42:21 2019 
--------------------------------------------------------------------------------

Trace Settings:
-------------------------
Trace Settings 

Peak Memory Usage: 378 MB



